Command line:
   adc_handler_tb_isim_beh.exe
     -simmode  gui
     -simrunnum  0
     -socket  5257

Tue Mar 24 15:29:34 2015


 Elaboration Time: 0.062402 sec

 Current Memory Usage: 487.522 Meg

 Total Signals          : 11
 Total Nets             : 24
 Total Signal Drivers   : 5
 Total Blocks           : 4
 Total Primitive Blocks : 3
 Total Processes        : 5
 Total Traceable Variables  : 17
 Total Scalar Nets and Variables : 511
Total Line Count : 21

 Total Simulation Time: 0.093602 sec

 Current Memory Usage: 487.522 Meg

Tue Mar 24 15:30:41 2015

